RDS_List
Total number of RDS Snapshots created today in us-east-1 region: ----------------------------------------------------------------------------------------------------------------------
|                                             DescribeDBClusterSnapshots                                             |
+--------------------------+-----------------------------------------------------------------------------------------+
|          Created         |                                           ID                                            |
+--------------------------+-----------------------------------------------------------------------------------------+
|  2023-08-25T05:43:29.908Z|  rds:applications-rds-auroradbcluster-iogecgelirrc-2023-08-25-05-43                     |
|  2023-08-25T10:10:44.712Z|  rds:apps-dev-mysql-01-2023-08-25-10-10                                                 |
|  2023-08-25T03:52:02.368Z|  rds:apps-test-mysql-01-2023-08-25-03-52                                                |
|  2023-08-25T05:33:10.515Z|  rds:app-test-1-2023-08-25-05-33                                                        |
|  2023-08-25T03:04:56.931Z|  rds:aurora8-p1-cluster-2023-08-25-03-04                                                |
|  2023-08-25T08:09:10.776Z|  rds:aurora-rds-01-cluster-2023-08-25-08-09                                             |
|  2023-08-25T04:21:57.814Z|  rds:aurora-rds-02-cluster-2023-08-25-04-21                                             |
|  2023-08-25T03:08:54.053Z|  rds:aurora-rds-04-cluster-2023-08-25-03-08                                             |
|  2023-08-25T07:44:41.592Z|  rds:aurora-rds-05-cluster-2023-08-25-07-44                                             |
|  2023-08-25T09:12:44.241Z|  rds:aurora-rds-06-cluster-2023-08-25-09-12                                             |
|  2023-08-25T06:59:39.449Z|  rds:aurora-rds-07-cluster-2023-08-25-06-59                                             |
|  2023-08-25T06:46:55.629Z|  rds:bitbucket-bitbucketdcstack-1vc5hc-auroradbcluster-rsonj9yn5xb8-2023-08-25-06-46    |
|  2023-08-25T03:42:26.334Z|  rds:pg01-cluster-1-cluster-2023-08-25-03-42                                            |
|  2023-08-25T07:25:15.325Z|  rds:prod-keycloak-keycloakdatabaseauroraserverlessclu-16a376853w1to-2023-08-25-07-25   |
|  2023-08-25T02:14:08.744Z|  rds:staging-aurora-01-2023-08-25-02-14                                                 |
+--------------------------+-----------------------------------------------------------------------------------------+
Total number of RDS Snapshots created today in us-east-1 region: 15
