RDS_List
Total number of RDS Snapshots created today in us-east-1 region: ----------------------------------------------------------------------------------------------------------------------
|                                             DescribeDBClusterSnapshots                                             |
+--------------------------+-----------------------------------------------------------------------------------------+
|          Created         |                                           ID                                            |
+--------------------------+-----------------------------------------------------------------------------------------+
|  2023-08-08T05:44:22.540Z|  rds:applications-rds-auroradbcluster-iogecgelirrc-2023-08-08-05-44                     |
|  2023-08-08T10:11:23.780Z|  rds:apps-dev-mysql-01-2023-08-08-10-11                                                 |
|  2023-08-08T03:51:44.704Z|  rds:apps-test-mysql-01-2023-08-08-03-51                                                |
|  2023-08-08T05:32:00.938Z|  rds:app-test-1-2023-08-08-05-32                                                        |
|  2023-08-08T03:11:14.176Z|  rds:aurora8-h1-cluster-2023-08-08-03-11                                                |
|  2023-08-08T03:04:36.165Z|  rds:aurora8-p1-cluster-2023-08-08-03-04                                                |
|  2023-08-08T03:14:47.665Z|  rds:aurora8-p2-cluster-2023-08-08-03-14                                                |
|  2023-08-08T07:00:52.784Z|  rds:aurora8-rds-21-cluster-2023-08-08-07-00                                            |
|  2023-08-08T08:09:08.793Z|  rds:aurora-rds-01-cluster-2023-08-08-08-09                                             |
|  2023-08-08T08:17:06.210Z|  rds:aurora-rds-01-cluster-test-2023-08-08-08-17                                        |
|  2023-08-08T04:21:18.845Z|  rds:aurora-rds-02-cluster-2023-08-08-04-21                                             |
|  2023-08-08T04:18:53.616Z|  rds:aurora-rds-02-copy-cluster-2023-08-08-04-18                                        |
|  2023-08-08T03:09:11.698Z|  rds:aurora-rds-04-cluster-2023-08-08-03-09                                             |
|  2023-08-08T07:44:56.647Z|  rds:aurora-rds-05-cluster-2023-08-08-07-44                                             |
|  2023-08-08T09:13:02.412Z|  rds:aurora-rds-06-cluster-2023-08-08-09-13                                             |
|  2023-08-08T06:59:52.203Z|  rds:aurora-rds-07-cluster-2023-08-08-06-59                                             |
|  2023-08-08T06:46:26.268Z|  rds:bitbucket-bitbucketdcstack-1vc5hc-auroradbcluster-rsonj9yn5xb8-2023-08-08-06-46    |
|  2023-08-08T03:41:48.146Z|  rds:pg01-cluster-1-cluster-2023-08-08-03-41                                            |
|  2023-08-08T07:24:49.906Z|  rds:prod-keycloak-keycloakdatabaseauroraserverlessclu-16a376853w1to-2023-08-08-07-24   |
|  2023-08-08T02:14:26.998Z|  rds:staging-aurora-01-2023-08-08-02-14                                                 |
+--------------------------+-----------------------------------------------------------------------------------------+
Total number of RDS Snapshots created today in us-east-1 region: 20
