RDS_List
Total number of RDS Snapshots created today in us-east-1 region: ----------------------------------------------------------------------------------------------------------------------
|                                             DescribeDBClusterSnapshots                                             |
+--------------------------+-----------------------------------------------------------------------------------------+
|          Created         |                                           ID                                            |
+--------------------------+-----------------------------------------------------------------------------------------+
|  2023-08-02T05:44:28.266Z|  rds:applications-rds-auroradbcluster-iogecgelirrc-2023-08-02-05-44                     |
|  2023-08-02T10:10:57.962Z|  rds:apps-dev-mysql-01-2023-08-02-10-10                                                 |
|  2023-08-02T03:52:00.558Z|  rds:apps-test-mysql-01-2023-08-02-03-52                                                |
|  2023-08-02T05:32:11.745Z|  rds:app-test-1-2023-08-02-05-32                                                        |
|  2023-08-02T03:11:47.819Z|  rds:aurora8-h1-cluster-2023-08-02-03-11                                                |
|  2023-08-02T03:04:48.403Z|  rds:aurora8-p1-cluster-2023-08-02-03-04                                                |
|  2023-08-02T03:13:47.264Z|  rds:aurora8-p2-cluster-2023-08-02-03-13                                                |
|  2023-08-02T07:01:18.636Z|  rds:aurora8-rds-21-cluster-2023-08-02-07-01                                            |
|  2023-08-02T08:09:26.177Z|  rds:aurora-rds-01-cluster-2023-08-02-08-09                                             |
|  2023-08-02T08:17:48.657Z|  rds:aurora-rds-01-cluster-test-2023-08-02-08-17                                        |
|  2023-08-02T04:21:29.635Z|  rds:aurora-rds-02-cluster-2023-08-02-04-21                                             |
|  2023-08-02T04:19:13.537Z|  rds:aurora-rds-02-copy-cluster-2023-08-02-04-19                                        |
|  2023-08-02T03:09:21.479Z|  rds:aurora-rds-04-cluster-2023-08-02-03-09                                             |
|  2023-08-02T07:45:06.999Z|  rds:aurora-rds-05-cluster-2023-08-02-07-45                                             |
|  2023-08-02T09:13:12.024Z|  rds:aurora-rds-06-cluster-2023-08-02-09-13                                             |
|  2023-08-02T06:59:51.016Z|  rds:aurora-rds-07-cluster-2023-08-02-06-59                                             |
|  2023-08-02T06:46:47.232Z|  rds:bitbucket-bitbucketdcstack-1vc5hc-auroradbcluster-rsonj9yn5xb8-2023-08-02-06-46    |
|  2023-08-02T03:41:47.954Z|  rds:pg01-cluster-1-cluster-2023-08-02-03-41                                            |
|  2023-08-02T07:25:39.165Z|  rds:prod-keycloak-keycloakdatabaseauroraserverlessclu-16a376853w1to-2023-08-02-07-25   |
|  2023-08-02T02:13:20.008Z|  rds:staging-aurora-01-2023-08-02-02-13                                                 |
+--------------------------+-----------------------------------------------------------------------------------------+
Total number of RDS Snapshots created today in us-east-1 region: 20
