RDS_List
Total number of RDS Snapshots created today in us-east-1 region: ----------------------------------------------------------------------------------------------------------------------
|                                             DescribeDBClusterSnapshots                                             |
+--------------------------+-----------------------------------------------------------------------------------------+
|          Created         |                                           ID                                            |
+--------------------------+-----------------------------------------------------------------------------------------+
|  2023-08-20T05:43:46.870Z|  rds:applications-rds-auroradbcluster-iogecgelirrc-2023-08-20-05-43                     |
|  2023-08-20T10:10:22.459Z|  rds:apps-dev-mysql-01-2023-08-20-10-10                                                 |
|  2023-08-20T03:51:50.042Z|  rds:apps-test-mysql-01-2023-08-20-03-51                                                |
|  2023-08-20T05:32:06.919Z|  rds:app-test-1-2023-08-20-05-32                                                        |
|  2023-08-20T03:04:51.863Z|  rds:aurora8-p1-cluster-2023-08-20-03-04                                                |
|  2023-08-20T08:09:19.652Z|  rds:aurora-rds-01-cluster-2023-08-20-08-09                                             |
|  2023-08-20T04:21:15.720Z|  rds:aurora-rds-02-cluster-2023-08-20-04-21                                             |
|  2023-08-20T03:09:15.181Z|  rds:aurora-rds-04-cluster-2023-08-20-03-09                                             |
|  2023-08-20T07:45:58.176Z|  rds:aurora-rds-05-cluster-2023-08-20-07-45                                             |
|  2023-08-20T09:12:37.160Z|  rds:aurora-rds-06-cluster-2023-08-20-09-12                                             |
|  2023-08-20T06:59:40.665Z|  rds:aurora-rds-07-cluster-2023-08-20-06-59                                             |
|  2023-08-20T06:46:43.439Z|  rds:bitbucket-bitbucketdcstack-1vc5hc-auroradbcluster-rsonj9yn5xb8-2023-08-20-06-46    |
|  2023-08-20T03:41:44.544Z|  rds:pg01-cluster-1-cluster-2023-08-20-03-41                                            |
|  2023-08-20T07:25:00.703Z|  rds:prod-keycloak-keycloakdatabaseauroraserverlessclu-16a376853w1to-2023-08-20-07-25   |
|  2023-08-20T02:13:58.245Z|  rds:staging-aurora-01-2023-08-20-02-13                                                 |
+--------------------------+-----------------------------------------------------------------------------------------+
Total number of RDS Snapshots created today in us-east-1 region: 15
