RDS_List
Total number of RDS Snapshots created today in us-east-1 region: ----------------------------------------------------------------------------------------------------------------------
|                                             DescribeDBClusterSnapshots                                             |
+--------------------------+-----------------------------------------------------------------------------------------+
|          Created         |                                           ID                                            |
+--------------------------+-----------------------------------------------------------------------------------------+
|  2023-08-13T05:44:11.433Z|  rds:applications-rds-auroradbcluster-iogecgelirrc-2023-08-13-05-44                     |
|  2023-08-13T10:10:26.168Z|  rds:apps-dev-mysql-01-2023-08-13-10-10                                                 |
|  2023-08-13T03:51:40.986Z|  rds:apps-test-mysql-01-2023-08-13-03-51                                                |
|  2023-08-13T05:31:35.070Z|  rds:app-test-1-2023-08-13-05-31                                                        |
|  2023-08-13T03:10:59.315Z|  rds:aurora8-h1-cluster-2023-08-13-03-10                                                |
|  2023-08-13T03:04:20.315Z|  rds:aurora8-p1-cluster-2023-08-13-03-04                                                |
|  2023-08-13T03:14:12.697Z|  rds:aurora8-p2-cluster-2023-08-13-03-14                                                |
|  2023-08-13T08:08:56.768Z|  rds:aurora-rds-01-cluster-2023-08-13-08-08                                             |
|  2023-08-13T04:21:01.507Z|  rds:aurora-rds-02-cluster-2023-08-13-04-21                                             |
|  2023-08-13T03:09:28.415Z|  rds:aurora-rds-04-cluster-2023-08-13-03-09                                             |
|  2023-08-13T07:44:40.750Z|  rds:aurora-rds-05-cluster-2023-08-13-07-44                                             |
|  2023-08-13T09:12:38.239Z|  rds:aurora-rds-06-cluster-2023-08-13-09-12                                             |
|  2023-08-13T06:59:34.485Z|  rds:aurora-rds-07-cluster-2023-08-13-06-59                                             |
|  2023-08-13T06:47:08.807Z|  rds:bitbucket-bitbucketdcstack-1vc5hc-auroradbcluster-rsonj9yn5xb8-2023-08-13-06-47    |
|  2023-08-13T03:41:59.977Z|  rds:pg01-cluster-1-cluster-2023-08-13-03-41                                            |
|  2023-08-13T07:25:32.676Z|  rds:prod-keycloak-keycloakdatabaseauroraserverlessclu-16a376853w1to-2023-08-13-07-25   |
|  2023-08-13T02:14:54.229Z|  rds:staging-aurora-01-2023-08-13-02-14                                                 |
+--------------------------+-----------------------------------------------------------------------------------------+
Total number of RDS Snapshots created today in us-east-1 region: 17
