RDS_List
Total number of RDS Snapshots created today in us-east-1 region: ----------------------------------------------------------------------------------------------------------------------
|                                             DescribeDBClusterSnapshots                                             |
+--------------------------+-----------------------------------------------------------------------------------------+
|          Created         |                                           ID                                            |
+--------------------------+-----------------------------------------------------------------------------------------+
|  2023-08-12T05:44:09.818Z|  rds:applications-rds-auroradbcluster-iogecgelirrc-2023-08-12-05-44                     |
|  2023-08-12T10:10:35.439Z|  rds:apps-dev-mysql-01-2023-08-12-10-10                                                 |
|  2023-08-12T03:51:53.998Z|  rds:apps-test-mysql-01-2023-08-12-03-51                                                |
|  2023-08-12T05:31:59.137Z|  rds:app-test-1-2023-08-12-05-31                                                        |
|  2023-08-12T03:11:11.354Z|  rds:aurora8-h1-cluster-2023-08-12-03-11                                                |
|  2023-08-12T03:04:48.160Z|  rds:aurora8-p1-cluster-2023-08-12-03-04                                                |
|  2023-08-12T03:14:36.952Z|  rds:aurora8-p2-cluster-2023-08-12-03-14                                                |
|  2023-08-12T08:09:59.737Z|  rds:aurora-rds-01-cluster-2023-08-12-08-09                                             |
|  2023-08-12T04:20:45.494Z|  rds:aurora-rds-02-cluster-2023-08-12-04-20                                             |
|  2023-08-12T03:09:12.876Z|  rds:aurora-rds-04-cluster-2023-08-12-03-09                                             |
|  2023-08-12T07:44:48.771Z|  rds:aurora-rds-05-cluster-2023-08-12-07-44                                             |
|  2023-08-12T09:12:33.965Z|  rds:aurora-rds-06-cluster-2023-08-12-09-12                                             |
|  2023-08-12T07:00:18.528Z|  rds:aurora-rds-07-cluster-2023-08-12-07-00                                             |
|  2023-08-12T06:46:38.788Z|  rds:bitbucket-bitbucketdcstack-1vc5hc-auroradbcluster-rsonj9yn5xb8-2023-08-12-06-46    |
|  2023-08-12T03:41:26.344Z|  rds:pg01-cluster-1-cluster-2023-08-12-03-41                                            |
|  2023-08-12T07:25:09.481Z|  rds:prod-keycloak-keycloakdatabaseauroraserverlessclu-16a376853w1to-2023-08-12-07-25   |
|  2023-08-12T02:14:06.729Z|  rds:staging-aurora-01-2023-08-12-02-14                                                 |
+--------------------------+-----------------------------------------------------------------------------------------+
Total number of RDS Snapshots created today in us-east-1 region: 17
