RDS_List
Total number of RDS Snapshots created today in us-east-1 region: ----------------------------------------------------------------------------------------------------------------------
|                                             DescribeDBClusterSnapshots                                             |
+--------------------------+-----------------------------------------------------------------------------------------+
|          Created         |                                           ID                                            |
+--------------------------+-----------------------------------------------------------------------------------------+
|  2023-08-28T05:44:25.009Z|  rds:applications-rds-auroradbcluster-iogecgelirrc-2023-08-28-05-44                     |
|  2023-08-28T10:10:47.420Z|  rds:apps-dev-mysql-01-2023-08-28-10-10                                                 |
|  2023-08-28T03:52:02.123Z|  rds:apps-test-mysql-01-2023-08-28-03-52                                                |
|  2023-08-28T05:32:19.024Z|  rds:app-test-1-2023-08-28-05-32                                                        |
|  2023-08-28T03:05:00.990Z|  rds:aurora8-p1-cluster-2023-08-28-03-05                                                |
|  2023-08-28T08:09:14.880Z|  rds:aurora-rds-01-cluster-2023-08-28-08-09                                             |
|  2023-08-28T04:21:09.772Z|  rds:aurora-rds-02-cluster-2023-08-28-04-21                                             |
|  2023-08-28T03:09:09.109Z|  rds:aurora-rds-04-cluster-2023-08-28-03-09                                             |
|  2023-08-28T07:45:13.812Z|  rds:aurora-rds-05-cluster-2023-08-28-07-45                                             |
|  2023-08-28T09:13:31.375Z|  rds:aurora-rds-06-cluster-2023-08-28-09-13                                             |
|  2023-08-28T06:59:53.957Z|  rds:aurora-rds-07-cluster-2023-08-28-06-59                                             |
|  2023-08-28T06:46:39.146Z|  rds:bitbucket-bitbucketdcstack-1vc5hc-auroradbcluster-rsonj9yn5xb8-2023-08-28-06-46    |
|  2023-08-28T03:41:49.359Z|  rds:pg01-cluster-1-cluster-2023-08-28-03-41                                            |
|  2023-08-28T07:25:07.173Z|  rds:prod-keycloak-keycloakdatabaseauroraserverlessclu-16a376853w1to-2023-08-28-07-25   |
|  2023-08-28T02:14:34.439Z|  rds:staging-aurora-01-2023-08-28-02-14                                                 |
+--------------------------+-----------------------------------------------------------------------------------------+
Total number of RDS Snapshots created today in us-east-1 region: 15
