RDS_List
Total number of RDS Snapshots created today in us-east-1 region: ----------------------------------------------------------------------------------------------------------------------
|                                             DescribeDBClusterSnapshots                                             |
+--------------------------+-----------------------------------------------------------------------------------------+
|          Created         |                                           ID                                            |
+--------------------------+-----------------------------------------------------------------------------------------+
|  2023-08-21T05:43:55.989Z|  rds:applications-rds-auroradbcluster-iogecgelirrc-2023-08-21-05-43                     |
|  2023-08-21T10:10:55.578Z|  rds:apps-dev-mysql-01-2023-08-21-10-10                                                 |
|  2023-08-21T03:51:57.942Z|  rds:apps-test-mysql-01-2023-08-21-03-51                                                |
|  2023-08-21T05:32:34.808Z|  rds:app-test-1-2023-08-21-05-32                                                        |
|  2023-08-21T03:04:45.435Z|  rds:aurora8-p1-cluster-2023-08-21-03-04                                                |
|  2023-08-21T08:09:04.761Z|  rds:aurora-rds-01-cluster-2023-08-21-08-09                                             |
|  2023-08-21T04:20:52.561Z|  rds:aurora-rds-02-cluster-2023-08-21-04-20                                             |
|  2023-08-21T03:09:25.963Z|  rds:aurora-rds-04-cluster-2023-08-21-03-09                                             |
|  2023-08-21T07:45:22.677Z|  rds:aurora-rds-05-cluster-2023-08-21-07-45                                             |
|  2023-08-21T09:12:29.091Z|  rds:aurora-rds-06-cluster-2023-08-21-09-12                                             |
|  2023-08-21T06:59:19.069Z|  rds:aurora-rds-07-cluster-2023-08-21-06-59                                             |
|  2023-08-21T06:46:20.770Z|  rds:bitbucket-bitbucketdcstack-1vc5hc-auroradbcluster-rsonj9yn5xb8-2023-08-21-06-46    |
|  2023-08-21T03:41:37.938Z|  rds:pg01-cluster-1-cluster-2023-08-21-03-41                                            |
|  2023-08-21T07:24:55.033Z|  rds:prod-keycloak-keycloakdatabaseauroraserverlessclu-16a376853w1to-2023-08-21-07-24   |
|  2023-08-21T02:13:39.198Z|  rds:staging-aurora-01-2023-08-21-02-13                                                 |
+--------------------------+-----------------------------------------------------------------------------------------+
Total number of RDS Snapshots created today in us-east-1 region: 15
