RDS_List
Total number of RDS Snapshots created today in us-east-1 region: ----------------------------------------------------------------------------------------------------------------------
|                                             DescribeDBClusterSnapshots                                             |
+--------------------------+-----------------------------------------------------------------------------------------+
|          Created         |                                           ID                                            |
+--------------------------+-----------------------------------------------------------------------------------------+
|  2023-08-24T05:43:23.320Z|  rds:applications-rds-auroradbcluster-iogecgelirrc-2023-08-24-05-43                     |
|  2023-08-24T10:10:33.414Z|  rds:apps-dev-mysql-01-2023-08-24-10-10                                                 |
|  2023-08-24T03:51:57.650Z|  rds:apps-test-mysql-01-2023-08-24-03-51                                                |
|  2023-08-24T05:31:54.456Z|  rds:app-test-1-2023-08-24-05-31                                                        |
|  2023-08-24T03:05:26.432Z|  rds:aurora8-p1-cluster-2023-08-24-03-05                                                |
|  2023-08-24T08:10:08.450Z|  rds:aurora-rds-01-cluster-2023-08-24-08-10                                             |
|  2023-08-24T04:20:58.792Z|  rds:aurora-rds-02-cluster-2023-08-24-04-20                                             |
|  2023-08-24T03:09:00.170Z|  rds:aurora-rds-04-cluster-2023-08-24-03-09                                             |
|  2023-08-24T07:45:47.055Z|  rds:aurora-rds-05-cluster-2023-08-24-07-45                                             |
|  2023-08-24T09:12:53.678Z|  rds:aurora-rds-06-cluster-2023-08-24-09-12                                             |
|  2023-08-24T06:59:31.912Z|  rds:aurora-rds-07-cluster-2023-08-24-06-59                                             |
|  2023-08-24T06:46:49.695Z|  rds:bitbucket-bitbucketdcstack-1vc5hc-auroradbcluster-rsonj9yn5xb8-2023-08-24-06-46    |
|  2023-08-24T03:41:59.453Z|  rds:pg01-cluster-1-cluster-2023-08-24-03-41                                            |
|  2023-08-24T07:25:01.365Z|  rds:prod-keycloak-keycloakdatabaseauroraserverlessclu-16a376853w1to-2023-08-24-07-25   |
|  2023-08-24T02:13:30.761Z|  rds:staging-aurora-01-2023-08-24-02-13                                                 |
+--------------------------+-----------------------------------------------------------------------------------------+
Total number of RDS Snapshots created today in us-east-1 region: 15
