RDS_List
Total number of RDS Snapshots created today in us-east-1 region: ----------------------------------------------------------------------------------------------------------------------
|                                             DescribeDBClusterSnapshots                                             |
+--------------------------+-----------------------------------------------------------------------------------------+
|          Created         |                                           ID                                            |
+--------------------------+-----------------------------------------------------------------------------------------+
|  2023-08-05T05:43:58.148Z|  rds:applications-rds-auroradbcluster-iogecgelirrc-2023-08-05-05-43                     |
|  2023-08-05T10:10:56.457Z|  rds:apps-dev-mysql-01-2023-08-05-10-10                                                 |
|  2023-08-05T03:51:44.335Z|  rds:apps-test-mysql-01-2023-08-05-03-51                                                |
|  2023-08-05T05:31:41.239Z|  rds:app-test-1-2023-08-05-05-31                                                        |
|  2023-08-05T03:11:00.575Z|  rds:aurora8-h1-cluster-2023-08-05-03-11                                                |
|  2023-08-05T03:04:44.674Z|  rds:aurora8-p1-cluster-2023-08-05-03-04                                                |
|  2023-08-05T03:13:44.265Z|  rds:aurora8-p2-cluster-2023-08-05-03-13                                                |
|  2023-08-05T07:00:53.866Z|  rds:aurora8-rds-21-cluster-2023-08-05-07-00                                            |
|  2023-08-05T08:09:44.065Z|  rds:aurora-rds-01-cluster-2023-08-05-08-09                                             |
|  2023-08-05T08:17:09.166Z|  rds:aurora-rds-01-cluster-test-2023-08-05-08-17                                        |
|  2023-08-05T04:20:50.237Z|  rds:aurora-rds-02-cluster-2023-08-05-04-20                                             |
|  2023-08-05T04:19:03.975Z|  rds:aurora-rds-02-copy-cluster-2023-08-05-04-19                                        |
|  2023-08-05T03:08:41.759Z|  rds:aurora-rds-04-cluster-2023-08-05-03-08                                             |
|  2023-08-05T07:44:53.700Z|  rds:aurora-rds-05-cluster-2023-08-05-07-44                                             |
|  2023-08-05T09:14:01.947Z|  rds:aurora-rds-06-cluster-2023-08-05-09-14                                             |
|  2023-08-05T06:59:51.528Z|  rds:aurora-rds-07-cluster-2023-08-05-06-59                                             |
|  2023-08-05T06:46:35.528Z|  rds:bitbucket-bitbucketdcstack-1vc5hc-auroradbcluster-rsonj9yn5xb8-2023-08-05-06-46    |
|  2023-08-05T03:42:25.752Z|  rds:pg01-cluster-1-cluster-2023-08-05-03-42                                            |
|  2023-08-05T07:25:17.039Z|  rds:prod-keycloak-keycloakdatabaseauroraserverlessclu-16a376853w1to-2023-08-05-07-25   |
|  2023-08-05T02:12:52.041Z|  rds:staging-aurora-01-2023-08-05-02-12                                                 |
+--------------------------+-----------------------------------------------------------------------------------------+
Total number of RDS Snapshots created today in us-east-1 region: 20
