RDS_List
Total number of RDS Snapshots created today in us-east-1 region: ----------------------------------------------------------------------------------------------------------------------
|                                             DescribeDBClusterSnapshots                                             |
+--------------------------+-----------------------------------------------------------------------------------------+
|          Created         |                                           ID                                            |
+--------------------------+-----------------------------------------------------------------------------------------+
|  2023-08-23T05:43:51.352Z|  rds:applications-rds-auroradbcluster-iogecgelirrc-2023-08-23-05-43                     |
|  2023-08-23T10:10:41.408Z|  rds:apps-dev-mysql-01-2023-08-23-10-10                                                 |
|  2023-08-23T03:51:58.888Z|  rds:apps-test-mysql-01-2023-08-23-03-51                                                |
|  2023-08-23T05:31:51.379Z|  rds:app-test-1-2023-08-23-05-31                                                        |
|  2023-08-23T03:04:31.050Z|  rds:aurora8-p1-cluster-2023-08-23-03-04                                                |
|  2023-08-23T08:09:06.254Z|  rds:aurora-rds-01-cluster-2023-08-23-08-09                                             |
|  2023-08-23T04:21:12.558Z|  rds:aurora-rds-02-cluster-2023-08-23-04-21                                             |
|  2023-08-23T03:10:10.999Z|  rds:aurora-rds-04-cluster-2023-08-23-03-10                                             |
|  2023-08-23T07:45:04.654Z|  rds:aurora-rds-05-cluster-2023-08-23-07-45                                             |
|  2023-08-23T09:12:24.040Z|  rds:aurora-rds-06-cluster-2023-08-23-09-12                                             |
|  2023-08-23T06:59:41.328Z|  rds:aurora-rds-07-cluster-2023-08-23-06-59                                             |
|  2023-08-23T06:47:07.510Z|  rds:bitbucket-bitbucketdcstack-1vc5hc-auroradbcluster-rsonj9yn5xb8-2023-08-23-06-47    |
|  2023-08-23T03:42:12.570Z|  rds:pg01-cluster-1-cluster-2023-08-23-03-42                                            |
|  2023-08-23T07:25:43.805Z|  rds:prod-keycloak-keycloakdatabaseauroraserverlessclu-16a376853w1to-2023-08-23-07-25   |
|  2023-08-23T02:14:13.942Z|  rds:staging-aurora-01-2023-08-23-02-14                                                 |
+--------------------------+-----------------------------------------------------------------------------------------+
Total number of RDS Snapshots created today in us-east-1 region: 15
