RDS_List
Total number of RDS Snapshots created today in us-east-1 region: ----------------------------------------------------------------------------------------------------------------------
|                                             DescribeDBClusterSnapshots                                             |
+--------------------------+-----------------------------------------------------------------------------------------+
|          Created         |                                           ID                                            |
+--------------------------+-----------------------------------------------------------------------------------------+
|  2023-08-16T05:43:56.225Z|  rds:applications-rds-auroradbcluster-iogecgelirrc-2023-08-16-05-43                     |
|  2023-08-16T10:10:40.750Z|  rds:apps-dev-mysql-01-2023-08-16-10-10                                                 |
|  2023-08-16T03:51:55.660Z|  rds:apps-test-mysql-01-2023-08-16-03-51                                                |
|  2023-08-16T05:31:43.766Z|  rds:app-test-1-2023-08-16-05-31                                                        |
|  2023-08-16T03:10:59.598Z|  rds:aurora8-h1-cluster-2023-08-16-03-10                                                |
|  2023-08-16T03:04:38.751Z|  rds:aurora8-p1-cluster-2023-08-16-03-04                                                |
|  2023-08-16T03:13:54.144Z|  rds:aurora8-p2-cluster-2023-08-16-03-13                                                |
|  2023-08-16T08:09:15.499Z|  rds:aurora-rds-01-cluster-2023-08-16-08-09                                             |
|  2023-08-16T04:20:39.398Z|  rds:aurora-rds-02-cluster-2023-08-16-04-20                                             |
|  2023-08-16T03:08:55.833Z|  rds:aurora-rds-04-cluster-2023-08-16-03-08                                             |
|  2023-08-16T07:46:28.509Z|  rds:aurora-rds-05-cluster-2023-08-16-07-46                                             |
|  2023-08-16T09:13:24.232Z|  rds:aurora-rds-06-cluster-2023-08-16-09-13                                             |
|  2023-08-16T07:00:05.291Z|  rds:aurora-rds-07-cluster-2023-08-16-07-00                                             |
|  2023-08-16T06:46:52.499Z|  rds:bitbucket-bitbucketdcstack-1vc5hc-auroradbcluster-rsonj9yn5xb8-2023-08-16-06-46    |
|  2023-08-16T03:41:59.148Z|  rds:pg01-cluster-1-cluster-2023-08-16-03-41                                            |
|  2023-08-16T07:25:46.211Z|  rds:prod-keycloak-keycloakdatabaseauroraserverlessclu-16a376853w1to-2023-08-16-07-25   |
|  2023-08-16T02:14:07.482Z|  rds:staging-aurora-01-2023-08-16-02-14                                                 |
+--------------------------+-----------------------------------------------------------------------------------------+
Total number of RDS Snapshots created today in us-east-1 region: 17
