RDS_List
Total number of RDS Snapshots created today in us-east-1 region: ----------------------------------------------------------------------------------------------------------------------
|                                             DescribeDBClusterSnapshots                                             |
+--------------------------+-----------------------------------------------------------------------------------------+
|          Created         |                                           ID                                            |
+--------------------------+-----------------------------------------------------------------------------------------+
|  2023-08-06T05:43:39.044Z|  rds:applications-rds-auroradbcluster-iogecgelirrc-2023-08-06-05-43                     |
|  2023-08-06T10:10:54.591Z|  rds:apps-dev-mysql-01-2023-08-06-10-10                                                 |
|  2023-08-06T03:51:28.729Z|  rds:apps-test-mysql-01-2023-08-06-03-51                                                |
|  2023-08-06T05:31:50.879Z|  rds:app-test-1-2023-08-06-05-31                                                        |
|  2023-08-06T03:11:24.566Z|  rds:aurora8-h1-cluster-2023-08-06-03-11                                                |
|  2023-08-06T03:05:18.065Z|  rds:aurora8-p1-cluster-2023-08-06-03-05                                                |
|  2023-08-06T03:14:06.416Z|  rds:aurora8-p2-cluster-2023-08-06-03-14                                                |
|  2023-08-06T07:00:57.133Z|  rds:aurora8-rds-21-cluster-2023-08-06-07-00                                            |
|  2023-08-06T08:09:12.754Z|  rds:aurora-rds-01-cluster-2023-08-06-08-09                                             |
|  2023-08-06T08:17:08.806Z|  rds:aurora-rds-01-cluster-test-2023-08-06-08-17                                        |
|  2023-08-06T04:20:52.549Z|  rds:aurora-rds-02-cluster-2023-08-06-04-20                                             |
|  2023-08-06T04:18:53.346Z|  rds:aurora-rds-02-copy-cluster-2023-08-06-04-18                                        |
|  2023-08-06T03:10:02.334Z|  rds:aurora-rds-04-cluster-2023-08-06-03-10                                             |
|  2023-08-06T07:45:07.772Z|  rds:aurora-rds-05-cluster-2023-08-06-07-45                                             |
|  2023-08-06T09:13:32.575Z|  rds:aurora-rds-06-cluster-2023-08-06-09-13                                             |
|  2023-08-06T06:59:52.165Z|  rds:aurora-rds-07-cluster-2023-08-06-06-59                                             |
|  2023-08-06T06:46:51.934Z|  rds:bitbucket-bitbucketdcstack-1vc5hc-auroradbcluster-rsonj9yn5xb8-2023-08-06-06-46    |
|  2023-08-06T03:41:43.720Z|  rds:pg01-cluster-1-cluster-2023-08-06-03-41                                            |
|  2023-08-06T07:24:44.231Z|  rds:prod-keycloak-keycloakdatabaseauroraserverlessclu-16a376853w1to-2023-08-06-07-24   |
|  2023-08-06T02:13:21.478Z|  rds:staging-aurora-01-2023-08-06-02-13                                                 |
+--------------------------+-----------------------------------------------------------------------------------------+
Total number of RDS Snapshots created today in us-east-1 region: 20
