RDS_List
Total number of RDS Snapshots created today in us-east-1 region: ----------------------------------------------------------------------------------------------------------------------
|                                             DescribeDBClusterSnapshots                                             |
+--------------------------+-----------------------------------------------------------------------------------------+
|          Created         |                                           ID                                            |
+--------------------------+-----------------------------------------------------------------------------------------+
|  2023-08-26T05:44:04.336Z|  rds:applications-rds-auroradbcluster-iogecgelirrc-2023-08-26-05-44                     |
|  2023-08-26T10:10:59.508Z|  rds:apps-dev-mysql-01-2023-08-26-10-10                                                 |
|  2023-08-26T03:52:16.798Z|  rds:apps-test-mysql-01-2023-08-26-03-52                                                |
|  2023-08-26T05:31:51.094Z|  rds:app-test-1-2023-08-26-05-31                                                        |
|  2023-08-26T03:04:34.283Z|  rds:aurora8-p1-cluster-2023-08-26-03-04                                                |
|  2023-08-26T08:09:04.544Z|  rds:aurora-rds-01-cluster-2023-08-26-08-09                                             |
|  2023-08-26T04:21:25.759Z|  rds:aurora-rds-02-cluster-2023-08-26-04-21                                             |
|  2023-08-26T03:09:25.455Z|  rds:aurora-rds-04-cluster-2023-08-26-03-09                                             |
|  2023-08-26T07:45:27.566Z|  rds:aurora-rds-05-cluster-2023-08-26-07-45                                             |
|  2023-08-26T09:13:24.780Z|  rds:aurora-rds-06-cluster-2023-08-26-09-13                                             |
|  2023-08-26T06:59:45.858Z|  rds:aurora-rds-07-cluster-2023-08-26-06-59                                             |
|  2023-08-26T06:46:40.834Z|  rds:bitbucket-bitbucketdcstack-1vc5hc-auroradbcluster-rsonj9yn5xb8-2023-08-26-06-46    |
|  2023-08-26T03:42:19.572Z|  rds:pg01-cluster-1-cluster-2023-08-26-03-42                                            |
|  2023-08-26T07:25:20.890Z|  rds:prod-keycloak-keycloakdatabaseauroraserverlessclu-16a376853w1to-2023-08-26-07-25   |
|  2023-08-26T02:14:00.273Z|  rds:staging-aurora-01-2023-08-26-02-14                                                 |
+--------------------------+-----------------------------------------------------------------------------------------+
Total number of RDS Snapshots created today in us-east-1 region: 15
