RDS_List
Total number of RDS Snapshots created today in us-east-1 region: ----------------------------------------------------------------------------------------------------------------------
|                                             DescribeDBClusterSnapshots                                             |
+--------------------------+-----------------------------------------------------------------------------------------+
|          Created         |                                           ID                                            |
+--------------------------+-----------------------------------------------------------------------------------------+
|  2023-08-14T05:43:54.772Z|  rds:applications-rds-auroradbcluster-iogecgelirrc-2023-08-14-05-43                     |
|  2023-08-14T10:11:08.338Z|  rds:apps-dev-mysql-01-2023-08-14-10-11                                                 |
|  2023-08-14T03:52:03.426Z|  rds:apps-test-mysql-01-2023-08-14-03-52                                                |
|  2023-08-14T05:31:35.579Z|  rds:app-test-1-2023-08-14-05-31                                                        |
|  2023-08-14T03:11:42.431Z|  rds:aurora8-h1-cluster-2023-08-14-03-11                                                |
|  2023-08-14T03:04:34.880Z|  rds:aurora8-p1-cluster-2023-08-14-03-04                                                |
|  2023-08-14T03:14:57.652Z|  rds:aurora8-p2-cluster-2023-08-14-03-14                                                |
|  2023-08-14T08:09:19.860Z|  rds:aurora-rds-01-cluster-2023-08-14-08-09                                             |
|  2023-08-14T04:20:36.821Z|  rds:aurora-rds-02-cluster-2023-08-14-04-20                                             |
|  2023-08-14T03:10:43.630Z|  rds:aurora-rds-04-cluster-2023-08-14-03-10                                             |
|  2023-08-14T07:45:19.190Z|  rds:aurora-rds-05-cluster-2023-08-14-07-45                                             |
|  2023-08-14T09:12:55.178Z|  rds:aurora-rds-06-cluster-2023-08-14-09-12                                             |
|  2023-08-14T07:00:00.615Z|  rds:aurora-rds-07-cluster-2023-08-14-07-00                                             |
|  2023-08-14T06:46:50.330Z|  rds:bitbucket-bitbucketdcstack-1vc5hc-auroradbcluster-rsonj9yn5xb8-2023-08-14-06-46    |
|  2023-08-14T03:41:30.775Z|  rds:pg01-cluster-1-cluster-2023-08-14-03-41                                            |
|  2023-08-14T07:25:31.027Z|  rds:prod-keycloak-keycloakdatabaseauroraserverlessclu-16a376853w1to-2023-08-14-07-25   |
|  2023-08-14T02:13:57.447Z|  rds:staging-aurora-01-2023-08-14-02-13                                                 |
+--------------------------+-----------------------------------------------------------------------------------------+
Total number of RDS Snapshots created today in us-east-1 region: 17
