RDS_List
Total number of RDS Snapshots created today in us-east-1 region: ----------------------------------------------------------------------------------------------------------------------
|                                             DescribeDBClusterSnapshots                                             |
+--------------------------+-----------------------------------------------------------------------------------------+
|          Created         |                                           ID                                            |
+--------------------------+-----------------------------------------------------------------------------------------+
|  2023-08-19T05:45:00.054Z|  rds:applications-rds-auroradbcluster-iogecgelirrc-2023-08-19-05-45                     |
|  2023-08-19T10:10:39.486Z|  rds:apps-dev-mysql-01-2023-08-19-10-10                                                 |
|  2023-08-19T03:52:37.077Z|  rds:apps-test-mysql-01-2023-08-19-03-52                                                |
|  2023-08-19T05:31:41.492Z|  rds:app-test-1-2023-08-19-05-31                                                        |
|  2023-08-19T03:04:49.285Z|  rds:aurora8-p1-cluster-2023-08-19-03-04                                                |
|  2023-08-19T08:09:11.771Z|  rds:aurora-rds-01-cluster-2023-08-19-08-09                                             |
|  2023-08-19T04:20:38.283Z|  rds:aurora-rds-02-cluster-2023-08-19-04-20                                             |
|  2023-08-19T03:09:34.296Z|  rds:aurora-rds-04-cluster-2023-08-19-03-09                                             |
|  2023-08-19T07:45:33.361Z|  rds:aurora-rds-05-cluster-2023-08-19-07-45                                             |
|  2023-08-19T09:12:55.836Z|  rds:aurora-rds-06-cluster-2023-08-19-09-12                                             |
|  2023-08-19T07:00:10.983Z|  rds:aurora-rds-07-cluster-2023-08-19-07-00                                             |
|  2023-08-19T06:46:53.307Z|  rds:bitbucket-bitbucketdcstack-1vc5hc-auroradbcluster-rsonj9yn5xb8-2023-08-19-06-46    |
|  2023-08-19T03:41:45.540Z|  rds:pg01-cluster-1-cluster-2023-08-19-03-41                                            |
|  2023-08-19T07:24:55.900Z|  rds:prod-keycloak-keycloakdatabaseauroraserverlessclu-16a376853w1to-2023-08-19-07-24   |
|  2023-08-19T02:13:47.610Z|  rds:staging-aurora-01-2023-08-19-02-13                                                 |
+--------------------------+-----------------------------------------------------------------------------------------+
Total number of RDS Snapshots created today in us-east-1 region: 15
