RDS_List
Total number of RDS Snapshots created today in us-east-1 region: ----------------------------------------------------------------------------------------------------------------------
|                                             DescribeDBClusterSnapshots                                             |
+--------------------------+-----------------------------------------------------------------------------------------+
|          Created         |                                           ID                                            |
+--------------------------+-----------------------------------------------------------------------------------------+
|  2023-08-09T05:44:24.050Z|  rds:applications-rds-auroradbcluster-iogecgelirrc-2023-08-09-05-44                     |
|  2023-08-09T10:11:10.316Z|  rds:apps-dev-mysql-01-2023-08-09-10-11                                                 |
|  2023-08-09T03:51:54.254Z|  rds:apps-test-mysql-01-2023-08-09-03-51                                                |
|  2023-08-09T05:32:03.140Z|  rds:app-test-1-2023-08-09-05-32                                                        |
|  2023-08-09T03:11:07.126Z|  rds:aurora8-h1-cluster-2023-08-09-03-11                                                |
|  2023-08-09T03:04:56.670Z|  rds:aurora8-p1-cluster-2023-08-09-03-04                                                |
|  2023-08-09T03:14:19.878Z|  rds:aurora8-p2-cluster-2023-08-09-03-14                                                |
|  2023-08-09T07:00:57.895Z|  rds:aurora8-rds-21-cluster-2023-08-09-07-00                                            |
|  2023-08-09T08:09:19.096Z|  rds:aurora-rds-01-cluster-2023-08-09-08-09                                             |
|  2023-08-09T08:16:54.347Z|  rds:aurora-rds-01-cluster-test-2023-08-09-08-16                                        |
|  2023-08-09T04:20:43.190Z|  rds:aurora-rds-02-cluster-2023-08-09-04-20                                             |
|  2023-08-09T04:19:14.819Z|  rds:aurora-rds-02-copy-cluster-2023-08-09-04-19                                        |
|  2023-08-09T03:09:16.151Z|  rds:aurora-rds-04-cluster-2023-08-09-03-09                                             |
|  2023-08-09T07:46:03.401Z|  rds:aurora-rds-05-cluster-2023-08-09-07-46                                             |
|  2023-08-09T09:13:12.642Z|  rds:aurora-rds-06-cluster-2023-08-09-09-13                                             |
|  2023-08-09T06:59:52.583Z|  rds:aurora-rds-07-cluster-2023-08-09-06-59                                             |
|  2023-08-09T06:46:41.148Z|  rds:bitbucket-bitbucketdcstack-1vc5hc-auroradbcluster-rsonj9yn5xb8-2023-08-09-06-46    |
|  2023-08-09T03:42:02.256Z|  rds:pg01-cluster-1-cluster-2023-08-09-03-42                                            |
|  2023-08-09T07:25:00.927Z|  rds:prod-keycloak-keycloakdatabaseauroraserverlessclu-16a376853w1to-2023-08-09-07-25   |
|  2023-08-09T02:13:24.667Z|  rds:staging-aurora-01-2023-08-09-02-13                                                 |
+--------------------------+-----------------------------------------------------------------------------------------+
Total number of RDS Snapshots created today in us-east-1 region: 20
