RDS_List
Total number of RDS Snapshots created today in us-east-1 region: ----------------------------------------------------------------------------------------------------------------------
|                                             DescribeDBClusterSnapshots                                             |
+--------------------------+-----------------------------------------------------------------------------------------+
|          Created         |                                           ID                                            |
+--------------------------+-----------------------------------------------------------------------------------------+
|  2023-08-22T05:43:58.991Z|  rds:applications-rds-auroradbcluster-iogecgelirrc-2023-08-22-05-43                     |
|  2023-08-22T10:11:12.927Z|  rds:apps-dev-mysql-01-2023-08-22-10-11                                                 |
|  2023-08-22T03:51:44.742Z|  rds:apps-test-mysql-01-2023-08-22-03-51                                                |
|  2023-08-22T05:31:48.461Z|  rds:app-test-1-2023-08-22-05-31                                                        |
|  2023-08-22T03:04:56.640Z|  rds:aurora8-p1-cluster-2023-08-22-03-04                                                |
|  2023-08-22T08:09:06.610Z|  rds:aurora-rds-01-cluster-2023-08-22-08-09                                             |
|  2023-08-22T04:20:30.448Z|  rds:aurora-rds-02-cluster-2023-08-22-04-20                                             |
|  2023-08-22T03:09:12.845Z|  rds:aurora-rds-04-cluster-2023-08-22-03-09                                             |
|  2023-08-22T07:45:08.294Z|  rds:aurora-rds-05-cluster-2023-08-22-07-45                                             |
|  2023-08-22T09:13:01.472Z|  rds:aurora-rds-06-cluster-2023-08-22-09-13                                             |
|  2023-08-22T06:59:48.765Z|  rds:aurora-rds-07-cluster-2023-08-22-06-59                                             |
|  2023-08-22T06:46:49.895Z|  rds:bitbucket-bitbucketdcstack-1vc5hc-auroradbcluster-rsonj9yn5xb8-2023-08-22-06-46    |
|  2023-08-22T03:42:20.740Z|  rds:pg01-cluster-1-cluster-2023-08-22-03-42                                            |
|  2023-08-22T07:25:12.735Z|  rds:prod-keycloak-keycloakdatabaseauroraserverlessclu-16a376853w1to-2023-08-22-07-25   |
|  2023-08-22T02:13:35.663Z|  rds:staging-aurora-01-2023-08-22-02-13                                                 |
+--------------------------+-----------------------------------------------------------------------------------------+
Total number of RDS Snapshots created today in us-east-1 region: 15
