RDS_List
Total number of RDS Snapshots created today in us-east-1 region: ----------------------------------------------------------------------------------------------------------------------
|                                             DescribeDBClusterSnapshots                                             |
+--------------------------+-----------------------------------------------------------------------------------------+
|          Created         |                                           ID                                            |
+--------------------------+-----------------------------------------------------------------------------------------+
|  2023-08-27T05:45:06.512Z|  rds:applications-rds-auroradbcluster-iogecgelirrc-2023-08-27-05-45                     |
|  2023-08-27T10:10:56.977Z|  rds:apps-dev-mysql-01-2023-08-27-10-10                                                 |
|  2023-08-27T03:51:42.978Z|  rds:apps-test-mysql-01-2023-08-27-03-51                                                |
|  2023-08-27T05:32:17.347Z|  rds:app-test-1-2023-08-27-05-32                                                        |
|  2023-08-27T03:04:38.525Z|  rds:aurora8-p1-cluster-2023-08-27-03-04                                                |
|  2023-08-27T08:09:28.535Z|  rds:aurora-rds-01-cluster-2023-08-27-08-09                                             |
|  2023-08-27T04:20:47.084Z|  rds:aurora-rds-02-cluster-2023-08-27-04-20                                             |
|  2023-08-27T03:08:59.622Z|  rds:aurora-rds-04-cluster-2023-08-27-03-08                                             |
|  2023-08-27T07:45:09.957Z|  rds:aurora-rds-05-cluster-2023-08-27-07-45                                             |
|  2023-08-27T09:13:30.393Z|  rds:aurora-rds-06-cluster-2023-08-27-09-13                                             |
|  2023-08-27T06:59:45.268Z|  rds:aurora-rds-07-cluster-2023-08-27-06-59                                             |
|  2023-08-27T06:46:58.648Z|  rds:bitbucket-bitbucketdcstack-1vc5hc-auroradbcluster-rsonj9yn5xb8-2023-08-27-06-46    |
|  2023-08-27T03:41:33.623Z|  rds:pg01-cluster-1-cluster-2023-08-27-03-41                                            |
|  2023-08-27T07:25:25.213Z|  rds:prod-keycloak-keycloakdatabaseauroraserverlessclu-16a376853w1to-2023-08-27-07-25   |
|  2023-08-27T02:13:21.214Z|  rds:staging-aurora-01-2023-08-27-02-13                                                 |
+--------------------------+-----------------------------------------------------------------------------------------+
Total number of RDS Snapshots created today in us-east-1 region: 15
