RDS_List
Total number of RDS Snapshots created today in us-east-1 region: ----------------------------------------------------------------------------------------------------------------------
|                                             DescribeDBClusterSnapshots                                             |
+--------------------------+-----------------------------------------------------------------------------------------+
|          Created         |                                           ID                                            |
+--------------------------+-----------------------------------------------------------------------------------------+
|  2023-08-15T05:43:49.799Z|  rds:applications-rds-auroradbcluster-iogecgelirrc-2023-08-15-05-43                     |
|  2023-08-15T10:10:39.123Z|  rds:apps-dev-mysql-01-2023-08-15-10-10                                                 |
|  2023-08-15T03:51:59.181Z|  rds:apps-test-mysql-01-2023-08-15-03-51                                                |
|  2023-08-15T05:31:58.477Z|  rds:app-test-1-2023-08-15-05-31                                                        |
|  2023-08-15T03:11:11.471Z|  rds:aurora8-h1-cluster-2023-08-15-03-11                                                |
|  2023-08-15T03:05:17.870Z|  rds:aurora8-p1-cluster-2023-08-15-03-05                                                |
|  2023-08-15T03:14:35.069Z|  rds:aurora8-p2-cluster-2023-08-15-03-14                                                |
|  2023-08-15T08:08:49.668Z|  rds:aurora-rds-01-cluster-2023-08-15-08-08                                             |
|  2023-08-15T04:20:59.621Z|  rds:aurora-rds-02-cluster-2023-08-15-04-20                                             |
|  2023-08-15T03:08:35.882Z|  rds:aurora-rds-04-cluster-2023-08-15-03-08                                             |
|  2023-08-15T07:45:32.561Z|  rds:aurora-rds-05-cluster-2023-08-15-07-45                                             |
|  2023-08-15T09:12:27.817Z|  rds:aurora-rds-06-cluster-2023-08-15-09-12                                             |
|  2023-08-15T06:59:55.035Z|  rds:aurora-rds-07-cluster-2023-08-15-06-59                                             |
|  2023-08-15T06:46:53.141Z|  rds:bitbucket-bitbucketdcstack-1vc5hc-auroradbcluster-rsonj9yn5xb8-2023-08-15-06-46    |
|  2023-08-15T03:42:26.953Z|  rds:pg01-cluster-1-cluster-2023-08-15-03-42                                            |
|  2023-08-15T07:25:38.903Z|  rds:prod-keycloak-keycloakdatabaseauroraserverlessclu-16a376853w1to-2023-08-15-07-25   |
|  2023-08-15T02:13:44.599Z|  rds:staging-aurora-01-2023-08-15-02-13                                                 |
+--------------------------+-----------------------------------------------------------------------------------------+
Total number of RDS Snapshots created today in us-east-1 region: 17
